<?xml version="1.0" encoding="UTF-8"?>
<testng-results ignored="0" total="1" passed="1" failed="0" skipped="0">
  <reporter-output>
  </reporter-output>
  <suite started-at="2026-06-12T11:09:12 IST" name="Default suite" finished-at="2026-06-12T11:09:28 IST" duration-ms="15967">
    <groups>
    </groups>
    <test started-at="2026-06-12T11:09:12 IST" name="Default test" finished-at="2026-06-12T11:09:28 IST" duration-ms="15967">
      <class name="tests.verifyValidationMessages">
        <test-method is-config="true" signature="beforeMethod()[pri:0, instance:tests.verifyValidationMessages@2794eab6]" started-at="2026-06-12T11:09:13 IST" name="beforeMethod" finished-at="2026-06-12T11:09:26 IST" duration-ms="13415" status="PASS">
          <reporter-output>
          </reporter-output>
        </test-method> <!-- beforeMethod -->
        <test-method signature="f()[pri:0, instance:tests.verifyValidationMessages@2794eab6]" started-at="2026-06-12T11:09:26 IST" name="f" finished-at="2026-06-12T11:09:28 IST" duration-ms="2465" status="PASS">
          <reporter-output>
          </reporter-output>
        </test-method> <!-- f -->
      </class> <!-- tests.verifyValidationMessages -->
    </test> <!-- Default test -->
  </suite> <!-- Default suite -->
</testng-results>
