<?xml version="1.0" encoding="UTF-8"?>
<!-- Generated by org.testng.reporters.JUnitReportReporter -->
<testsuite hostname="DESKTOP-QFTPV5F" failures="0" tests="2" name="tests.verifyValidationMessages" time="33.581" errors="0" timestamp="2026-06-12T11:47:24 IST" skipped="0">
  <testcase classname="tests.verifyValidationMessages" name="enterDataOnFirstPage" time="20.448"/>
  <testcase classname="tests.verifyValidationMessages" name="verifyIfMandtoryFieldsArePicked" time="13.133"/>
</testsuite> <!-- tests.verifyValidationMessages -->
